connected to the php file
connected to the php file 
connected to the php file2 
connected to the php file 
connected to the php file2 
connected to the php file 
connected to the php file 
connected to the php file 
connected to the php file 
connected to the php file3 
connected to the php file4 
connected to the php file4 
connected to the php file4 
connected to the php file4 
connected to the php file4 
connected to the php file4 
connected to the php file4 
connected to the php file4 
connected to the php file4 
connected to the php file4 
connected to the php file4 
connected to the php file4 
connected to the php file4 
connected to the php file4 
connected to the php file4 
connected to the php file4 
connected to the php file4 
connected to the php file4 
connected to the php file4 
connected to the php file4 
connected to the php file4 
connected to the php file4 
connected to the php file4 
connected to the php file4 
connected to the php file4 
connected to the php file4 
connected to the php file4 
connected to the php file4 
connected to the php file4 
connected to the php file4 
connected to the php file4 
connected to the php file4 
connected to the php file4 
connected to the php file4 
connected to the php file4 
connected to the php file4 
connected to the php file4 
connected to the php file4 
connected to the php file4 
connected to the php file4 
connected to the php file4 
connected to the php file4 
connected to the php file4 
connected to the php file4 
connected to the php file4 
connected to the php file4 
connected to the php file4 
connected to the php file4 
connected to the php file4 
connected to the php file4 
connected to the php file4 
connected to the php file4 
connected to the php file4 
connected to the php file4 
connected to the php file4 
connected to the php file4 
connected to the php file4 
connected to the php file4 
connected to the php file4 
connected to the php file4 
connected to the php file4 
connected to the php file4 
connected to the php file4 
connected to the php file4 
connected to the php file4 
connected to the php file4 
connected to the php file4 
connected to the php file4 
connected to the php file4 
connected to the php file4 
connected to the php file4 
connected to the php file4 
connected to the php file4 
connected to the php file4 
connected to the php file4 
connected to the php file4 
connected to the php file4 
connected to the php file4 
connected to the php file4 
connected to the php file4 
connected to the php file4 
connected to the php file4 
connected to the php file4 
connected to the php file4 
connected to the php file4 
connected to the php file4 
connected to the php file4 
connected to the php file4 
connected to the php file4 
connected to the php file4 
connected to the php file4 
connected to the php file4 
connected to the php file4 
connected to the php file4 
connected to the php file4 
connected to the php file4 
connected to the php file4 
connected to the php file4 
connected to the php file4 
connected to the php file4 
connected to the php file4 
connected to the php file4 
connected to the php file4 
connected to the php file4 
connected to the php file4 
connected to the php file4 
connected to the php file4 
connected to the php file4 
connected to the php file4 
connected to the php file4 
connected to the php file4 
connected to the php file4 
connected to the php file4 
connected to the php file4 
connected to the php file4 
connected to the php file4 
connected to the php file4 
connected to the php file4 
connected to the php file4 
connected to the php file4 
connected to the php file4 
connected to the php file4 
connected to the php file4 
connected to the php file4 
connected to the php file4 
connected to the php file4 
connected to the php file4 
connected to the php file4 
connected to the php file4 
connected to the php file4 
connected to the php file4 
connected to the php file4 
connected to the php file4 
connected to the php file4 
connected to the php file4 
connected to the php file4 
connected to the php file4 
connected to the php file4 
connected to the php file4 
connected to the php file4 
connected to the php file4 
connected to the php file4 
connected to the php file4 
connected to the php file4 
connected to the php file4 
connected to the php file4 
connected to the php file4 
connected to the php file4 
connected to the php file4 
connected to the php file4 
connected to the php file4 
connected to the php file4 
connected to the php file4 
connected to the php file4 
connected to the php file4 
connected to the php file4 
connected to the php file4 
connected to the php file4 
connected to the php file4 
connected to the php file4 
connected to the php file4 
connected to the php file4 
connected to the php file4 
connected to the php file4 
connected to the php file4 
connected to the php file4 
connected to the php file4 
connected to the php file4 
connected to the php file4 
connected to the php file4 
connected to the php file4 
connected to the php file4 
connected to the php file4 
connected to the php file4 
connected to the php file4 
connected to the php file4 
connected to the php file4 
connected to the php file4 
connected to the php file4 
connected to the php file4 
connected to the php file4 
connected to the php file4 
connected to the php file4 
connected to the php file4 
connected to the php file4 
connected to the php file4 
connected to the php file4 
connected to the php file4 
connected to the php file4 
connected to the php file4 
connected to the php file4 
connected to the php file4 
connected to the php file4 
connected to the php file4 
connected to the php file4 
connected to the php file4 
connected to the php file4 
connected to the php file4 
connected to the php file4 
connected to the php file4 
connected to the php file4 
connected to the php file4 
connected to the php file4 
connected to the php file4 
connected to the php file4 
connected to the php file4 
connected to the php file4 
connected to the php file4 
connected to the php file4 
connected to the php file4 
connected to the php file4 
connected to the php file4 
connected to the php file4 
connected to the php file4 
connected to the php file4 
connected to the php file4 
connected to the php file4 
connected to the php file4 
connected to the php file4 
connected to the php file4 
connected to the php file4 
connected to the php file4 
connected to the php file4 
connected to the php file4 
connected to the php file4 
connected to the php file4 
connected to the php file4 
connected to the php file4 
connected to the php file4 
connected to the php file4 
connected to the php file4 
connected to the php file4 
connected to the php file4 
connected to the php file4 
connected to the php file4 
connected to the php file4 
connected to the php file4 
connected to the php file4 
connected to the php file4 
connected to the php file4 
connected to the php file4 
connected to the php file4 
connected to the php file4 
connected to the php file4 
connected to the php file4 
connected to the php file4 
connected to the php file4 
connected to the php file4 
connected to the php file4 
connected to the php file4 
connected to the php file4 
connected to the php file4 
connected to the php file4 
connected to the php file4 
connected to the php file4 
connected to the php file4 
connected to the php file4 
connected to the php file4 
connected to the php file4 
Array
Array
Array
Array
Array
Array
Array
Array
Array
Array
Array
Array
Array
Array
Array
(
    [albumName] => user21 album
    [albumEPsingleID] => ed4bb069-afb3-4fd6-89fa-f5ea7ce8c1ab
    [artistName] => user21
    [artistID] => ec8dcb8d-3892-4889-afe8-3368d8bcdbc3
    [albumImageLocation] => pictures/164959c4-e80e-458d-8e0c-ab207b365218.jpg
    [dateCreated] => 1678706844051
    [songsJson] => {"832a887c-dd7c-43b6-a383-a25568b579013":["song 11","music/641c2b7a-0025-4b14-a736-9d44188d2fa3.mp3",314.618776]}
    [albumEPsong_description] => user21's favourite album
    [libraryIndex] => 18
)

Array
(
    [albumName] => abka 
    [albumEPsingleID] => e9349046-4b6c-41ae-bea5-8cc60c75b625
    [artistName] => test4
    [artistID] => ba29d7e8-a10e-483d-845f-4bcee12e57ce
    [albumImageLocation] => pictures/8c944ccb-ef46-493b-9214-e307d1104b33.jpg
    [dateCreated] => 1678838813361
    [songsJson] => {"e2e37126-372b-4c55-93ac-cdfa78f0f0283":["cool song bro","music/144d58eb-6cc5-48e8-97a8-24e688abcad9.mp3",17.528163]}
    [albumEPsong_description] => abka abke
    [libraryIndex] => 17
)

Array
(
    [albumName] => AURORA at Nidarosdomen
    [albumEPsingleID] => e1100c15-29ec-4fb7-9185-03af3522efec
    [artistName] => leo
    [artistID] => f5963bf1-a731-44b6-8f28-c88445faaa0f
    [albumImageLocation] => pictures/222b2f1a-31cd-4880-81cc-32202ab8770b.jpg
    [dateCreated] => 1678705882623
    [songsJson] => {"324ac03c-c2c9-4d18-a13b-c5d7eb8129083":["Intro","music/f2d27071-5da6-4edf-8bda-44bb18cbb989.mp3",75.049796],"5789532b-3e3f-44dc-9428-f464c2f30a425":["Nature Boy","music/e7147105-4119-49ea-824d-9457205214a7.mp3",220.290612],"482aeded-9d8d-4f37-b41c-95c2b46635d114":["Talk 1","music/4451e049-8ab8-4a45-89b4-9c4264f2d78d.mp3",17.528163],"fe4916ac-eef5-4f82-9ba6-335b39f998118":["Little Boy in the Grass","music/81c9b9cc-59cf-4c30-bc44-933e66aeab3f.mp3",247.092245],"5631f7ca-cfb2-42b6-a836-d25d5d5212f011":["Under Stars","music/039be3fa-ae35-4ace-8b1d-20ec8d865781.mp3",199.340408]}
    [albumEPsong_description] => AURORA at the Niderosdomen
    [libraryIndex] => 16
)

Array
(
    [albumName] => album 6
    [albumEPsingleID] => daa51592-e23f-47a5-a83a-56213d7f5128
    [artistName] => user21
    [artistID] => ec8dcb8d-3892-4889-afe8-3368d8bcdbc3
    [albumImageLocation] => pictures/74270258-fcce-42ce-ac6a-af92e1883d9e.jpg
    [dateCreated] => 1678794796833
    [songsJson] => {"f663fe78-c18d-4874-b766-0ebb5c5f7afb3":["song 1 album 6","music/07478ad6-e113-4d46-8c2e-a74db2da8583.mp3",252.813061],"8a857bc7-7c5a-45b5-a088-a52d5d84a8c85":["song 2","music/d00191a3-f227-4ddf-bb69-b1e6ee0b9c18.mp3",309.498776]}
    [albumEPsong_description] => album 6 album 6 album 6 album 6 album 6 album 6 album 6 album 6 album 6 album 6 album 6 album 6 album 6 album 6 album 6 album 6 album 6 
    [libraryIndex] => 15
)

Array
(
    [albumName] => L22 2
    [albumEPsingleID] => a5dc365c-7798-444b-9d6e-002a84a61001
    [artistName] => L22
    [artistID] => 9d4b66a8-6dc5-4f84-bb64-df3cd42dbf56
    [albumImageLocation] => pictures/def.jpg
    [dateCreated] => 1678968743735
    [songsJson] => {"367d3589-6be5-481e-aed2-c0788b8761da3":["final project","music/04b10882-a6e9-4ec5-a8ab-3d2c0b85555a.mp3",391.601633],"dd9a53a0-bf80-481a-b628-bd50b80763e15":["tom 2","music/8f3c4472-f3f0-4437-bef4-7e32fe7e55a2.mp3",89.234313]}
    [albumEPsong_description] => L22 shoddyness
    [libraryIndex] => 14
)

Array
(
    [albumName] => random songs
    [albumEPsingleID] => a45a758f-35f7-428f-8c1c-ab191532e0e1
    [artistName] => leo
    [artistID] => f5963bf1-a731-44b6-8f28-c88445faaa0f
    [albumImageLocation] => pictures/16f87b7a-017b-4f06-906b-2420883faa84.jpg
    [dateCreated] => 1678838979311
    [songsJson] => {"3dd4dd35-6fa3-49fa-8fed-50f09521fa935":["song 2 r","music/2ee569c4-c60c-43be-b602-b306725773bd.mp3",242.677551],"952a5906-64f4-4d48-afc4-6c26aa8d590b8":["song 3","music/f7421b63-68c0-4c5e-9d42-cfde7009afb5.mp3",252.813061],"bdc2d412-eede-4f70-b3da-840db052d8353":["song 1 r","music/0773a945-30d7-48f4-be4a-7c4212bbc413.mp3",296.803265]}
    [albumEPsong_description] => random songs random songs
    [libraryIndex] => 13
)

Array
(
    [albumName] => album 8
    [albumEPsingleID] => 9f4b1fc1-965f-4090-a1e1-3a5f462b301e
    [artistName] => leo
    [artistID] => f5963bf1-a731-44b6-8f28-c88445faaa0f
    [albumImageLocation] => pictures/4baae90e-adfd-43bd-abe7-3a97f2a39a0c.jpg
    [dateCreated] => 1678707450321
    [songsJson] => {"b932232c-a5a5-4776-98d3-4885433689043":["alum 8","music/065ce5c5-4997-4e76-a463-08ee454a61fb.mp3",220.290612]}
    [albumEPsong_description] => album 8
    [libraryIndex] => 12
)

Array
(
    [albumName] => hibo
    [albumEPsingleID] => 93d46728-dff7-42c7-ac25-96422bbe62f5
    [artistName] => leo
    [artistID] => f5963bf1-a731-44b6-8f28-c88445faaa0f
    [albumImageLocation] => pictures/77ef1063-34e8-42ba-b972-88de293e27dd.jpg
    [dateCreated] => 1678740840422
    [songsJson] => {"caefe11e-25ab-4222-bb8a-05a0ddf425443":["hibo 1","music/3e5a3853-0fe8-40be-abdd-4a954205f087.mp3",271.699592]}
    [albumEPsong_description] => hibo
    [libraryIndex] => 11
)

Array
(
    [albumName] => L22 premier
    [albumEPsingleID] => 852ab559-f3d7-4c41-8730-7920582fca82
    [artistName] => L22
    [artistID] => 9d4b66a8-6dc5-4f84-bb64-df3cd42dbf56
    [albumImageLocation] => pictures/def.jpg
    [dateCreated] => 1678968541755
    [songsJson] => {"beeca41e-f270-4be0-821e-52fd7fe02ae93":["BBC","music/27f1d2b0-ae65-4877-91c5-52499cef3065.mp3",58.044082],"d37b8152-3f00-4ede-a4a9-8d7ba25be1565":["Take me","music/bd75aed0-d6bc-4bbb-84d7-c336120b48f6.mp3",43.776]}
    [albumEPsong_description] => L22 premier musics
    [libraryIndex] => 10
)

Array
(
    [albumName] => Album 6
    [albumEPsingleID] => 83eb0053-a879-4e2f-a9a1-34f0aeae7a49
    [artistName] => leo
    [artistID] => f5963bf1-a731-44b6-8f28-c88445faaa0f
    [albumImageLocation] => pictures/749489c3-fc04-455e-80b8-40ea59956054.jpg
    [dateCreated] => 1678706548276
    [songsJson] => {"719eede3-c42e-4207-89a3-1e9c6d38925d3":["song 1","music/1106a9b1-634d-4c45-8309-bfb8e6ed4b1f.mp3",327.497143],"b87b63c6-ce4a-4f41-8305-482bc39187cb5":["song 2","music/1a8bddb1-b36d-4b36-b2ea-421d60e0f70c.mp3",242.677551],"e5462771-8f6e-4733-a527-25fc4209d00211":["song 4","music/0ccd76f3-4bda-45a7-b47c-a10f2dc35313.mp3",247.092245],"4a3d46c2-8a5f-458d-b22f-4fdb10ff667e8":["song 3","music/7f093e5d-efb5-4647-876c-ad13c9930ca0.mp3",314.618776]}
    [albumEPsong_description] => this is just really a third album for testing purposes
    [libraryIndex] => 9
)

Array
(
    [albumName] => tset album 32
    [albumEPsingleID] => 7f4a07b9-53bf-4c2d-badb-a3ba506996f9
    [artistName] => leo
    [artistID] => f5963bf1-a731-44b6-8f28-c88445faaa0f
    [albumImageLocation] => pictures/2eedd6e2-985c-45f5-bb6f-d083dbf38c21.jpg
    [dateCreated] => 1678740708170
    [songsJson] => {"a906a945-08b8-4ed3-b08f-289933a6b4a25":["test 2","music/80452a93-e8c6-4fc5-a610-aaeb63953a65.mp3",314.618776],"6d0dbeaa-1db3-4ade-9500-4bea2ff53a3f3":["test 1","music/73799df3-c344-4bfd-b5ff-00c9cdcd68f3.mp3",271.699592]}
    [albumEPsong_description] => test album test album
    [libraryIndex] => 8
)

Array
(
    [albumName] => album 7
    [albumEPsingleID] => 747cd704-83ad-49d9-9f94-12cd17dfcc4b
    [artistName] => leo
    [artistID] => f5963bf1-a731-44b6-8f28-c88445faaa0f
    [albumImageLocation] => pictures/d47ed93b-5434-4c41-9029-cfda9e445177.jpg
    [dateCreated] => 1678707423718
    [songsJson] => {"9f65a9f2-2f8c-4d3f-8905-f79efeb3e1a63":["album 7","music/8bc47981-8ecb-40a2-a161-ca6599996a2a.mp3",296.803265]}
    [albumEPsong_description] => album 7
    [libraryIndex] => 7
)

Array
(
    [albumName] => user 21 album 2
    [albumEPsingleID] => 6158197f-972b-4b7b-a389-a8ef5c7cbb79
    [artistName] => user21
    [artistID] => ec8dcb8d-3892-4889-afe8-3368d8bcdbc3
    [albumImageLocation] => pictures/4cde04c1-f63c-4f98-88a8-a7a606349bcc.jpg
    [dateCreated] => 1678706935907
    [songsJson] => {"b1411bf4-c0e4-4571-9763-19cf2dfe0dd63":["song 3","music/f22a1c4b-e215-48b9-a4f3-192d37f20d4f.mp3",247.092245]}
    [albumEPsong_description] => user 21's album 2
    [libraryIndex] => 6
)

Array
(
    [albumName] => album 5
    [albumEPsingleID] => 4a81a14e-27b9-45b3-928a-a8bac424832c
    [artistName] => user21
    [artistID] => ec8dcb8d-3892-4889-afe8-3368d8bcdbc3
    [albumImageLocation] => pictures/d44aa17d-b76c-4710-bf0a-fb6cfe539cdb.jpg
    [dateCreated] => 1678794770212
    [songsJson] => {"f3e1329b-e059-4592-ac0e-a07e8d0b85f23":["song 1 album 5","music/0584c34e-d988-4336-b7de-040860459477.mp3",252.813061],"d18a5a72-5ae0-43df-944c-f48cadec34fd5":["song 2","music/13b277d7-eae3-429d-bd83-a96fc2e7ff48.mp3",309.498776]}
    [albumEPsong_description] => album 5 album 5 album 5 album 5 album 5 album 5 album 5 album 5 album 5 album 5 album 5 album 5 album 5 album 5 album 5 album 5 album 5 album 5 album 5 album 5 album 5 album 5 album 5 album 5 album 5 
    [libraryIndex] => 5
)

9999999999999
18
Array
(
    [albumName] => user21 album
    [albumEPsingleID] => ed4bb069-afb3-4fd6-89fa-f5ea7ce8c1ab
    [artistName] => user21
    [artistID] => ec8dcb8d-3892-4889-afe8-3368d8bcdbc3
    [albumImageLocation] => pictures/164959c4-e80e-458d-8e0c-ab207b365218.jpg
    [dateCreated] => 1678706844051
    [songsJson] => {"832a887c-dd7c-43b6-a383-a25568b579013":["song 11","music/641c2b7a-0025-4b14-a736-9d44188d2fa3.mp3",314.618776]}
    [albumEPsong_description] => user21's favourite album
    [libraryIndex] => 18
)

17
17
Array
(
    [albumName] => abka 
    [albumEPsingleID] => e9349046-4b6c-41ae-bea5-8cc60c75b625
    [artistName] => test4
    [artistID] => ba29d7e8-a10e-483d-845f-4bcee12e57ce
    [albumImageLocation] => pictures/8c944ccb-ef46-493b-9214-e307d1104b33.jpg
    [dateCreated] => 1678838813361
    [songsJson] => {"e2e37126-372b-4c55-93ac-cdfa78f0f0283":["cool song bro","music/144d58eb-6cc5-48e8-97a8-24e688abcad9.mp3",17.528163]}
    [albumEPsong_description] => abka abke
    [libraryIndex] => 17
)

16
16
Array
(
    [albumName] => AURORA at Nidarosdomen
    [albumEPsingleID] => e1100c15-29ec-4fb7-9185-03af3522efec
    [artistName] => leo
    [artistID] => f5963bf1-a731-44b6-8f28-c88445faaa0f
    [albumImageLocation] => pictures/222b2f1a-31cd-4880-81cc-32202ab8770b.jpg
    [dateCreated] => 1678705882623
    [songsJson] => {"324ac03c-c2c9-4d18-a13b-c5d7eb8129083":["Intro","music/f2d27071-5da6-4edf-8bda-44bb18cbb989.mp3",75.049796],"5789532b-3e3f-44dc-9428-f464c2f30a425":["Nature Boy","music/e7147105-4119-49ea-824d-9457205214a7.mp3",220.290612],"482aeded-9d8d-4f37-b41c-95c2b46635d114":["Talk 1","music/4451e049-8ab8-4a45-89b4-9c4264f2d78d.mp3",17.528163],"fe4916ac-eef5-4f82-9ba6-335b39f998118":["Little Boy in the Grass","music/81c9b9cc-59cf-4c30-bc44-933e66aeab3f.mp3",247.092245],"5631f7ca-cfb2-42b6-a836-d25d5d5212f011":["Under Stars","music/039be3fa-ae35-4ace-8b1d-20ec8d865781.mp3",199.340408]}
    [albumEPsong_description] => AURORA at the Niderosdomen
    [libraryIndex] => 16
)

15
15
Array
(
    [albumName] => album 6
    [albumEPsingleID] => daa51592-e23f-47a5-a83a-56213d7f5128
    [artistName] => user21
    [artistID] => ec8dcb8d-3892-4889-afe8-3368d8bcdbc3
    [albumImageLocation] => pictures/74270258-fcce-42ce-ac6a-af92e1883d9e.jpg
    [dateCreated] => 1678794796833
    [songsJson] => {"f663fe78-c18d-4874-b766-0ebb5c5f7afb3":["song 1 album 6","music/07478ad6-e113-4d46-8c2e-a74db2da8583.mp3",252.813061],"8a857bc7-7c5a-45b5-a088-a52d5d84a8c85":["song 2","music/d00191a3-f227-4ddf-bb69-b1e6ee0b9c18.mp3",309.498776]}
    [albumEPsong_description] => album 6 album 6 album 6 album 6 album 6 album 6 album 6 album 6 album 6 album 6 album 6 album 6 album 6 album 6 album 6 album 6 album 6 
    [libraryIndex] => 15
)

14
14
Array
(
    [albumName] => L22 2
    [albumEPsingleID] => a5dc365c-7798-444b-9d6e-002a84a61001
    [artistName] => L22
    [artistID] => 9d4b66a8-6dc5-4f84-bb64-df3cd42dbf56
    [albumImageLocation] => pictures/def.jpg
    [dateCreated] => 1678968743735
    [songsJson] => {"367d3589-6be5-481e-aed2-c0788b8761da3":["final project","music/04b10882-a6e9-4ec5-a8ab-3d2c0b85555a.mp3",391.601633],"dd9a53a0-bf80-481a-b628-bd50b80763e15":["tom 2","music/8f3c4472-f3f0-4437-bef4-7e32fe7e55a2.mp3",89.234313]}
    [albumEPsong_description] => L22 shoddyness
    [libraryIndex] => 14
)

13
13
Array
(
    [albumName] => random songs
    [albumEPsingleID] => a45a758f-35f7-428f-8c1c-ab191532e0e1
    [artistName] => leo
    [artistID] => f5963bf1-a731-44b6-8f28-c88445faaa0f
    [albumImageLocation] => pictures/16f87b7a-017b-4f06-906b-2420883faa84.jpg
    [dateCreated] => 1678838979311
    [songsJson] => {"3dd4dd35-6fa3-49fa-8fed-50f09521fa935":["song 2 r","music/2ee569c4-c60c-43be-b602-b306725773bd.mp3",242.677551],"952a5906-64f4-4d48-afc4-6c26aa8d590b8":["song 3","music/f7421b63-68c0-4c5e-9d42-cfde7009afb5.mp3",252.813061],"bdc2d412-eede-4f70-b3da-840db052d8353":["song 1 r","music/0773a945-30d7-48f4-be4a-7c4212bbc413.mp3",296.803265]}
    [albumEPsong_description] => random songs random songs
    [libraryIndex] => 13
)

12
12
Array
(
    [albumName] => album 8
    [albumEPsingleID] => 9f4b1fc1-965f-4090-a1e1-3a5f462b301e
    [artistName] => leo
    [artistID] => f5963bf1-a731-44b6-8f28-c88445faaa0f
    [albumImageLocation] => pictures/4baae90e-adfd-43bd-abe7-3a97f2a39a0c.jpg
    [dateCreated] => 1678707450321
    [songsJson] => {"b932232c-a5a5-4776-98d3-4885433689043":["alum 8","music/065ce5c5-4997-4e76-a463-08ee454a61fb.mp3",220.290612]}
    [albumEPsong_description] => album 8
    [libraryIndex] => 12
)

11
11
Array
(
    [albumName] => hibo
    [albumEPsingleID] => 93d46728-dff7-42c7-ac25-96422bbe62f5
    [artistName] => leo
    [artistID] => f5963bf1-a731-44b6-8f28-c88445faaa0f
    [albumImageLocation] => pictures/77ef1063-34e8-42ba-b972-88de293e27dd.jpg
    [dateCreated] => 1678740840422
    [songsJson] => {"caefe11e-25ab-4222-bb8a-05a0ddf425443":["hibo 1","music/3e5a3853-0fe8-40be-abdd-4a954205f087.mp3",271.699592]}
    [albumEPsong_description] => hibo
    [libraryIndex] => 11
)

10
10
Array
(
    [albumName] => L22 premier
    [albumEPsingleID] => 852ab559-f3d7-4c41-8730-7920582fca82
    [artistName] => L22
    [artistID] => 9d4b66a8-6dc5-4f84-bb64-df3cd42dbf56
    [albumImageLocation] => pictures/def.jpg
    [dateCreated] => 1678968541755
    [songsJson] => {"beeca41e-f270-4be0-821e-52fd7fe02ae93":["BBC","music/27f1d2b0-ae65-4877-91c5-52499cef3065.mp3",58.044082],"d37b8152-3f00-4ede-a4a9-8d7ba25be1565":["Take me","music/bd75aed0-d6bc-4bbb-84d7-c336120b48f6.mp3",43.776]}
    [albumEPsong_description] => L22 premier musics
    [libraryIndex] => 10
)

9
9
Array
(
    [albumName] => Album 6
    [albumEPsingleID] => 83eb0053-a879-4e2f-a9a1-34f0aeae7a49
    [artistName] => leo
    [artistID] => f5963bf1-a731-44b6-8f28-c88445faaa0f
    [albumImageLocation] => pictures/749489c3-fc04-455e-80b8-40ea59956054.jpg
    [dateCreated] => 1678706548276
    [songsJson] => {"719eede3-c42e-4207-89a3-1e9c6d38925d3":["song 1","music/1106a9b1-634d-4c45-8309-bfb8e6ed4b1f.mp3",327.497143],"b87b63c6-ce4a-4f41-8305-482bc39187cb5":["song 2","music/1a8bddb1-b36d-4b36-b2ea-421d60e0f70c.mp3",242.677551],"e5462771-8f6e-4733-a527-25fc4209d00211":["song 4","music/0ccd76f3-4bda-45a7-b47c-a10f2dc35313.mp3",247.092245],"4a3d46c2-8a5f-458d-b22f-4fdb10ff667e8":["song 3","music/7f093e5d-efb5-4647-876c-ad13c9930ca0.mp3",314.618776]}
    [albumEPsong_description] => this is just really a third album for testing purposes
    [libraryIndex] => 9
)

8
8
Array
(
    [albumName] => tset album 32
    [albumEPsingleID] => 7f4a07b9-53bf-4c2d-badb-a3ba506996f9
    [artistName] => leo
    [artistID] => f5963bf1-a731-44b6-8f28-c88445faaa0f
    [albumImageLocation] => pictures/2eedd6e2-985c-45f5-bb6f-d083dbf38c21.jpg
    [dateCreated] => 1678740708170
    [songsJson] => {"a906a945-08b8-4ed3-b08f-289933a6b4a25":["test 2","music/80452a93-e8c6-4fc5-a610-aaeb63953a65.mp3",314.618776],"6d0dbeaa-1db3-4ade-9500-4bea2ff53a3f3":["test 1","music/73799df3-c344-4bfd-b5ff-00c9cdcd68f3.mp3",271.699592]}
    [albumEPsong_description] => test album test album
    [libraryIndex] => 8
)

7
7
Array
(
    [albumName] => album 7
    [albumEPsingleID] => 747cd704-83ad-49d9-9f94-12cd17dfcc4b
    [artistName] => leo
    [artistID] => f5963bf1-a731-44b6-8f28-c88445faaa0f
    [albumImageLocation] => pictures/d47ed93b-5434-4c41-9029-cfda9e445177.jpg
    [dateCreated] => 1678707423718
    [songsJson] => {"9f65a9f2-2f8c-4d3f-8905-f79efeb3e1a63":["album 7","music/8bc47981-8ecb-40a2-a161-ca6599996a2a.mp3",296.803265]}
    [albumEPsong_description] => album 7
    [libraryIndex] => 7
)

6
6
Array
(
    [albumName] => user 21 album 2
    [albumEPsingleID] => 6158197f-972b-4b7b-a389-a8ef5c7cbb79
    [artistName] => user21
    [artistID] => ec8dcb8d-3892-4889-afe8-3368d8bcdbc3
    [albumImageLocation] => pictures/4cde04c1-f63c-4f98-88a8-a7a606349bcc.jpg
    [dateCreated] => 1678706935907
    [songsJson] => {"b1411bf4-c0e4-4571-9763-19cf2dfe0dd63":["song 3","music/f22a1c4b-e215-48b9-a4f3-192d37f20d4f.mp3",247.092245]}
    [albumEPsong_description] => user 21's album 2
    [libraryIndex] => 6
)

5
5
Array
(
    [albumName] => album 5
    [albumEPsingleID] => 4a81a14e-27b9-45b3-928a-a8bac424832c
    [artistName] => user21
    [artistID] => ec8dcb8d-3892-4889-afe8-3368d8bcdbc3
    [albumImageLocation] => pictures/d44aa17d-b76c-4710-bf0a-fb6cfe539cdb.jpg
    [dateCreated] => 1678794770212
    [songsJson] => {"f3e1329b-e059-4592-ac0e-a07e8d0b85f23":["song 1 album 5","music/0584c34e-d988-4336-b7de-040860459477.mp3",252.813061],"d18a5a72-5ae0-43df-944c-f48cadec34fd5":["song 2","music/13b277d7-eae3-429d-bd83-a96fc2e7ff48.mp3",309.498776]}
    [albumEPsong_description] => album 5 album 5 album 5 album 5 album 5 album 5 album 5 album 5 album 5 album 5 album 5 album 5 album 5 album 5 album 5 album 5 album 5 album 5 album 5 album 5 album 5 album 5 album 5 album 5 album 5 
    [libraryIndex] => 5
)

9999999999999
18
Array
(
    [albumName] => user21 album
    [albumEPsingleID] => ed4bb069-afb3-4fd6-89fa-f5ea7ce8c1ab
    [artistName] => user21
    [artistID] => ec8dcb8d-3892-4889-afe8-3368d8bcdbc3
    [albumImageLocation] => pictures/164959c4-e80e-458d-8e0c-ab207b365218.jpg
    [dateCreated] => 1678706844051
    [songsJson] => {"832a887c-dd7c-43b6-a383-a25568b579013":["song 11","music/641c2b7a-0025-4b14-a736-9d44188d2fa3.mp3",314.618776]}
    [albumEPsong_description] => user21's favourite album
    [libraryIndex] => 18
)

17
17
Array
(
    [albumName] => abka 
    [albumEPsingleID] => e9349046-4b6c-41ae-bea5-8cc60c75b625
    [artistName] => test4
    [artistID] => ba29d7e8-a10e-483d-845f-4bcee12e57ce
    [albumImageLocation] => pictures/8c944ccb-ef46-493b-9214-e307d1104b33.jpg
    [dateCreated] => 1678838813361
    [songsJson] => {"e2e37126-372b-4c55-93ac-cdfa78f0f0283":["cool song bro","music/144d58eb-6cc5-48e8-97a8-24e688abcad9.mp3",17.528163]}
    [albumEPsong_description] => abka abke
    [libraryIndex] => 17
)

16
16
Array
(
    [albumName] => AURORA at Nidarosdomen
    [albumEPsingleID] => e1100c15-29ec-4fb7-9185-03af3522efec
    [artistName] => leo
    [artistID] => f5963bf1-a731-44b6-8f28-c88445faaa0f
    [albumImageLocation] => pictures/222b2f1a-31cd-4880-81cc-32202ab8770b.jpg
    [dateCreated] => 1678705882623
    [songsJson] => {"324ac03c-c2c9-4d18-a13b-c5d7eb8129083":["Intro","music/f2d27071-5da6-4edf-8bda-44bb18cbb989.mp3",75.049796],"5789532b-3e3f-44dc-9428-f464c2f30a425":["Nature Boy","music/e7147105-4119-49ea-824d-9457205214a7.mp3",220.290612],"482aeded-9d8d-4f37-b41c-95c2b46635d114":["Talk 1","music/4451e049-8ab8-4a45-89b4-9c4264f2d78d.mp3",17.528163],"fe4916ac-eef5-4f82-9ba6-335b39f998118":["Little Boy in the Grass","music/81c9b9cc-59cf-4c30-bc44-933e66aeab3f.mp3",247.092245],"5631f7ca-cfb2-42b6-a836-d25d5d5212f011":["Under Stars","music/039be3fa-ae35-4ace-8b1d-20ec8d865781.mp3",199.340408]}
    [albumEPsong_description] => AURORA at the Niderosdomen
    [libraryIndex] => 16
)

15
15
Array
(
    [albumName] => album 6
    [albumEPsingleID] => daa51592-e23f-47a5-a83a-56213d7f5128
    [artistName] => user21
    [artistID] => ec8dcb8d-3892-4889-afe8-3368d8bcdbc3
    [albumImageLocation] => pictures/74270258-fcce-42ce-ac6a-af92e1883d9e.jpg
    [dateCreated] => 1678794796833
    [songsJson] => {"f663fe78-c18d-4874-b766-0ebb5c5f7afb3":["song 1 album 6","music/07478ad6-e113-4d46-8c2e-a74db2da8583.mp3",252.813061],"8a857bc7-7c5a-45b5-a088-a52d5d84a8c85":["song 2","music/d00191a3-f227-4ddf-bb69-b1e6ee0b9c18.mp3",309.498776]}
    [albumEPsong_description] => album 6 album 6 album 6 album 6 album 6 album 6 album 6 album 6 album 6 album 6 album 6 album 6 album 6 album 6 album 6 album 6 album 6 
    [libraryIndex] => 15
)

14
14
Array
(
    [albumName] => L22 2
    [albumEPsingleID] => a5dc365c-7798-444b-9d6e-002a84a61001
    [artistName] => L22
    [artistID] => 9d4b66a8-6dc5-4f84-bb64-df3cd42dbf56
    [albumImageLocation] => pictures/def.jpg
    [dateCreated] => 1678968743735
    [songsJson] => {"367d3589-6be5-481e-aed2-c0788b8761da3":["final project","music/04b10882-a6e9-4ec5-a8ab-3d2c0b85555a.mp3",391.601633],"dd9a53a0-bf80-481a-b628-bd50b80763e15":["tom 2","music/8f3c4472-f3f0-4437-bef4-7e32fe7e55a2.mp3",89.234313]}
    [albumEPsong_description] => L22 shoddyness
    [libraryIndex] => 14
)

13
13
Array
(
    [albumName] => random songs
    [albumEPsingleID] => a45a758f-35f7-428f-8c1c-ab191532e0e1
    [artistName] => leo
    [artistID] => f5963bf1-a731-44b6-8f28-c88445faaa0f
    [albumImageLocation] => pictures/16f87b7a-017b-4f06-906b-2420883faa84.jpg
    [dateCreated] => 1678838979311
    [songsJson] => {"3dd4dd35-6fa3-49fa-8fed-50f09521fa935":["song 2 r","music/2ee569c4-c60c-43be-b602-b306725773bd.mp3",242.677551],"952a5906-64f4-4d48-afc4-6c26aa8d590b8":["song 3","music/f7421b63-68c0-4c5e-9d42-cfde7009afb5.mp3",252.813061],"bdc2d412-eede-4f70-b3da-840db052d8353":["song 1 r","music/0773a945-30d7-48f4-be4a-7c4212bbc413.mp3",296.803265]}
    [albumEPsong_description] => random songs random songs
    [libraryIndex] => 13
)

12
12
Array
(
    [albumName] => album 8
    [albumEPsingleID] => 9f4b1fc1-965f-4090-a1e1-3a5f462b301e
    [artistName] => leo
    [artistID] => f5963bf1-a731-44b6-8f28-c88445faaa0f
    [albumImageLocation] => pictures/4baae90e-adfd-43bd-abe7-3a97f2a39a0c.jpg
    [dateCreated] => 1678707450321
    [songsJson] => {"b932232c-a5a5-4776-98d3-4885433689043":["alum 8","music/065ce5c5-4997-4e76-a463-08ee454a61fb.mp3",220.290612]}
    [albumEPsong_description] => album 8
    [libraryIndex] => 12
)

11
11
Array
(
    [albumName] => hibo
    [albumEPsingleID] => 93d46728-dff7-42c7-ac25-96422bbe62f5
    [artistName] => leo
    [artistID] => f5963bf1-a731-44b6-8f28-c88445faaa0f
    [albumImageLocation] => pictures/77ef1063-34e8-42ba-b972-88de293e27dd.jpg
    [dateCreated] => 1678740840422
    [songsJson] => {"caefe11e-25ab-4222-bb8a-05a0ddf425443":["hibo 1","music/3e5a3853-0fe8-40be-abdd-4a954205f087.mp3",271.699592]}
    [albumEPsong_description] => hibo
    [libraryIndex] => 11
)

10
10
Array
(
    [albumName] => L22 premier
    [albumEPsingleID] => 852ab559-f3d7-4c41-8730-7920582fca82
    [artistName] => L22
    [artistID] => 9d4b66a8-6dc5-4f84-bb64-df3cd42dbf56
    [albumImageLocation] => pictures/def.jpg
    [dateCreated] => 1678968541755
    [songsJson] => {"beeca41e-f270-4be0-821e-52fd7fe02ae93":["BBC","music/27f1d2b0-ae65-4877-91c5-52499cef3065.mp3",58.044082],"d37b8152-3f00-4ede-a4a9-8d7ba25be1565":["Take me","music/bd75aed0-d6bc-4bbb-84d7-c336120b48f6.mp3",43.776]}
    [albumEPsong_description] => L22 premier musics
    [libraryIndex] => 10
)

9
9
Array
(
    [albumName] => Album 6
    [albumEPsingleID] => 83eb0053-a879-4e2f-a9a1-34f0aeae7a49
    [artistName] => leo
    [artistID] => f5963bf1-a731-44b6-8f28-c88445faaa0f
    [albumImageLocation] => pictures/749489c3-fc04-455e-80b8-40ea59956054.jpg
    [dateCreated] => 1678706548276
    [songsJson] => {"719eede3-c42e-4207-89a3-1e9c6d38925d3":["song 1","music/1106a9b1-634d-4c45-8309-bfb8e6ed4b1f.mp3",327.497143],"b87b63c6-ce4a-4f41-8305-482bc39187cb5":["song 2","music/1a8bddb1-b36d-4b36-b2ea-421d60e0f70c.mp3",242.677551],"e5462771-8f6e-4733-a527-25fc4209d00211":["song 4","music/0ccd76f3-4bda-45a7-b47c-a10f2dc35313.mp3",247.092245],"4a3d46c2-8a5f-458d-b22f-4fdb10ff667e8":["song 3","music/7f093e5d-efb5-4647-876c-ad13c9930ca0.mp3",314.618776]}
    [albumEPsong_description] => this is just really a third album for testing purposes
    [libraryIndex] => 9
)

8
8
Array
(
    [albumName] => tset album 32
    [albumEPsingleID] => 7f4a07b9-53bf-4c2d-badb-a3ba506996f9
    [artistName] => leo
    [artistID] => f5963bf1-a731-44b6-8f28-c88445faaa0f
    [albumImageLocation] => pictures/2eedd6e2-985c-45f5-bb6f-d083dbf38c21.jpg
    [dateCreated] => 1678740708170
    [songsJson] => {"a906a945-08b8-4ed3-b08f-289933a6b4a25":["test 2","music/80452a93-e8c6-4fc5-a610-aaeb63953a65.mp3",314.618776],"6d0dbeaa-1db3-4ade-9500-4bea2ff53a3f3":["test 1","music/73799df3-c344-4bfd-b5ff-00c9cdcd68f3.mp3",271.699592]}
    [albumEPsong_description] => test album test album
    [libraryIndex] => 8
)

7
7
Array
(
    [albumName] => album 7
    [albumEPsingleID] => 747cd704-83ad-49d9-9f94-12cd17dfcc4b
    [artistName] => leo
    [artistID] => f5963bf1-a731-44b6-8f28-c88445faaa0f
    [albumImageLocation] => pictures/d47ed93b-5434-4c41-9029-cfda9e445177.jpg
    [dateCreated] => 1678707423718
    [songsJson] => {"9f65a9f2-2f8c-4d3f-8905-f79efeb3e1a63":["album 7","music/8bc47981-8ecb-40a2-a161-ca6599996a2a.mp3",296.803265]}
    [albumEPsong_description] => album 7
    [libraryIndex] => 7
)

6
6
Array
(
    [albumName] => user 21 album 2
    [albumEPsingleID] => 6158197f-972b-4b7b-a389-a8ef5c7cbb79
    [artistName] => user21
    [artistID] => ec8dcb8d-3892-4889-afe8-3368d8bcdbc3
    [albumImageLocation] => pictures/4cde04c1-f63c-4f98-88a8-a7a606349bcc.jpg
    [dateCreated] => 1678706935907
    [songsJson] => {"b1411bf4-c0e4-4571-9763-19cf2dfe0dd63":["song 3","music/f22a1c4b-e215-48b9-a4f3-192d37f20d4f.mp3",247.092245]}
    [albumEPsong_description] => user 21's album 2
    [libraryIndex] => 6
)

5
5
Array
(
    [albumName] => album 5
    [albumEPsingleID] => 4a81a14e-27b9-45b3-928a-a8bac424832c
    [artistName] => user21
    [artistID] => ec8dcb8d-3892-4889-afe8-3368d8bcdbc3
    [albumImageLocation] => pictures/d44aa17d-b76c-4710-bf0a-fb6cfe539cdb.jpg
    [dateCreated] => 1678794770212
    [songsJson] => {"f3e1329b-e059-4592-ac0e-a07e8d0b85f23":["song 1 album 5","music/0584c34e-d988-4336-b7de-040860459477.mp3",252.813061],"d18a5a72-5ae0-43df-944c-f48cadec34fd5":["song 2","music/13b277d7-eae3-429d-bd83-a96fc2e7ff48.mp3",309.498776]}
    [albumEPsong_description] => album 5 album 5 album 5 album 5 album 5 album 5 album 5 album 5 album 5 album 5 album 5 album 5 album 5 album 5 album 5 album 5 album 5 album 5 album 5 album 5 album 5 album 5 album 5 album 5 album 5 
    [libraryIndex] => 5
)

4
4
Array
(
    [albumName] => new new album
    [albumEPsingleID] => 4337aa73-2d98-4fb4-bda4-e5ed085dc0ed
    [artistName] => leo
    [artistID] => f5963bf1-a731-44b6-8f28-c88445faaa0f
    [albumImageLocation] => pictures/0af5777c-bc6b-439e-a00c-177d8464f5d4.jpg
    [dateCreated] => 1678648568448
    [songsJson] => {"18c81102-2b82-4e53-8322-84e0a8ca053f3":["the best one","music/0e303075-0923-4802-8a8c-be1182e7bb9f.mp3",314.618776]}
    [albumEPsong_description] => this is just really a third album for testing purposes this is just really a third album for testing purposes this is just really a third album for testing purposes this is just really a third album for testing purposes this is just really a third album for testing purposes
    [libraryIndex] => 4
)

3
3
Array
(
    [albumName] => Classics
    [albumEPsingleID] => 3ab57338-af2f-41e1-a25f-6c7cdc8b9022
    [artistName] => leo
    [artistID] => f5963bf1-a731-44b6-8f28-c88445faaa0f
    [albumImageLocation] => pictures/73502848-f712-4506-8404-109dc06161f5.jpg
    [dateCreated] => 1678889061151
    [songsJson] => {"7e515e55-9d1a-416a-9264-662d5a3353e33":["Russian Trepak","music/f18d0d66-be9e-4c23-9701-3264c153cc2f.mp3",78.12],"b3d67542-ae25-4f1a-a06c-6d8da764a8275":["Waltz of the flowers","music/c1b0dd38-d3ea-4ac7-9b08-dd18e77d0ab4.mp3",435.768]}
    [albumEPsong_description] => The Name of the Game
    [libraryIndex] => 3
)

2
2
Array
(
    [albumName] => album 7
    [albumEPsingleID] => 3071c323-8c5d-4150-b0b0-1e7121723dab
    [artistName] => user21
    [artistID] => ec8dcb8d-3892-4889-afe8-3368d8bcdbc3
    [albumImageLocation] => pictures/d42d3b20-7370-48e3-b0ea-619a59eafb75.jpg
    [dateCreated] => 1678794832706
    [songsJson] => {"186bdf79-4cbd-4e08-8c12-5ea7efe343b93":["song 1 album 7","music/f653b80d-e7f9-4810-8ce2-331b2e756428.mp3",252.813061],"2800dff5-04c2-494f-9357-cbce1b88f7ce5":["song 2","music/878283b7-3d05-46a4-a98d-77380f208d48.mp3",309.498776]}
    [albumEPsong_description] => album 7 album 7 album 7 album 7 album 7 album 7 album 7 album 7 album 7 album 7 album 7 album 7 album 7 album 7 album 7 album 7 album 7 album 7 
    [libraryIndex] => 2
)

1
1
Array
(
    [albumName] => album 3
    [albumEPsingleID] => 0eab8e82-d551-47ce-93a6-b7f8d8830b02
    [artistName] => user21
    [artistID] => ec8dcb8d-3892-4889-afe8-3368d8bcdbc3
    [albumImageLocation] => pictures/dd2ea7a0-c8b0-4825-a5e5-6d5b702693f5.jpg
    [dateCreated] => 1678794200616
    [songsJson] => {"bf4105aa-d904-4e72-a9ae-c4286f4f31373":["song 1","music/6548319c-6156-44cd-bebf-c92706583729.mp3",220.290612]}
    [albumEPsong_description] => album3 by user 21
    [libraryIndex] => 1
)

connected to the php file4 
connected to the php file4 
connected to the php file4 
connected to the php file4 
connected to the php file4 
connected to the php file4 
connected to the php file4 
connected to the php file4 
connected to the php file4 
connected to the php file4 
connected to the php file4 
connected to the php file4 
connected to the php file4 
connected to the php file4 
connected to the php file4 
connected to the php file4 
connected to the php file4 
connected to the php file4 
connected to the php file4 
connected to the php file4 
connected to the php file4 
connected to the php file4 
connected to the php file4 
connected to the php file4 
connected to the php file4 
connected to the php file4 
connected to the php file4 
connected to the php file4 
connected to the php file4 
connected to the php file4 
connected to the php file4 
connected to the php file4 
connected to the php file4 
connected to the php file4 
